<?xml version="1.0" encoding="UTF-8"?>
<!-- Generated by org.testng.reporters.JUnitReportReporter -->
<testsuite skipped="1" hostname="DESKTOP-7769JJ2" name="org.testngtypes.EightDataProviders" tests="2" failures="0" timestamp="04 Nov 2021 08:45:58 GMT" time="10.904" errors="0">
  <testcase name="tc2" time="10.904" classname="org.testngtypes.EightDataProviders"/>
  <testcase name="tc1" classname="org.testngtypes.EightDataProviders">
    <skipped/>
  </testcase> <!-- tc1 -->
</testsuite> <!-- org.testngtypes.EightDataProviders -->
