<?xml version="1.0" encoding="UTF-8"?>
<!-- Generated by org.testng.reporters.JUnitReportReporter -->
<testsuite skipped="1" hostname="DESKTOP-7769JJ2" name="org.testngtypes.FourEnabledMethod" tests="3" failures="0" timestamp="02 Nov 2021 14:02:46 GMT" time="0.000" errors="0">
  <testcase name="tc2" time="0.000" classname="org.testngtypes.FourEnabledMethod"/>
  <testcase name="tc3" time="0.000" classname="org.testngtypes.FourEnabledMethod"/>
  <testcase name="tc1" classname="org.testngtypes.FourEnabledMethod">
    <skipped/>
  </testcase> <!-- tc1 -->
</testsuite> <!-- org.testngtypes.FourEnabledMethod -->
