<?xml version="1.0" encoding="UTF-8"?>
<!-- Generated by org.testng.reporters.JUnitReportReporter -->
<testsuite skipped="0" hostname="DESKTOP-7769JJ2" name="org.rerun.Test3" tests="1" failures="0" timestamp="05 Nov 2021 12:21:51 GMT" time="0.000" errors="0">
  <testcase name="tc3" time="0.000" classname="org.rerun.Test3"/>
</testsuite> <!-- org.rerun.Test3 -->
