<?xml version="1.0" encoding="UTF-8"?>
<!-- Generated by org.testng.reporters.JUnitReportReporter -->
<testsuite skipped="0" hostname="DESKTOP-7769JJ2" name="org.testngtypes.OneHtmlReports" tests="1" failures="0" timestamp="02 Nov 2021 13:51:24 GMT" time="0.000" errors="0">
  <testcase name="HtmlReports" time="0.000" classname="org.testngtypes.OneHtmlReports"/>
</testsuite> <!-- org.testngtypes.OneHtmlReports -->
