<?xml version="1.0" encoding="UTF-8"?>
<!-- Generated by org.testng.reporters.JUnitReportReporter -->
<testsuite skipped="0" hostname="DESKTOP-7769JJ2" name="org.testngtypes.ThreeInvocationCount" tests="5" failures="0" timestamp="02 Nov 2021 13:59:40 GMT" time="0.000" errors="0">
  <testcase name="tc2" time="0.000" classname="org.testngtypes.ThreeInvocationCount"/>
  <testcase name="tc3" time="0.000" classname="org.testngtypes.ThreeInvocationCount"/>
  <testcase name="tc1" time="0.000" classname="org.testngtypes.ThreeInvocationCount"/>
  <testcase name="tc1" time="0.000" classname="org.testngtypes.ThreeInvocationCount"/>
  <testcase name="tc1" time="0.000" classname="org.testngtypes.ThreeInvocationCount"/>
</testsuite> <!-- org.testngtypes.ThreeInvocationCount -->
