<?xml version="1.0" encoding="UTF-8"?>
<!-- Generated by org.testng.reporters.JUnitReportReporter -->
<testsuite skipped="0" hostname="DESKTOP-7769JJ2" name="org.suitelevelprojects.Test1" tests="1" failures="0" timestamp="04 Nov 2021 06:42:20 GMT" time="0.016" errors="0">
  <testcase name="tc1" time="0.016" classname="org.suitelevelprojects.Test1"/>
</testsuite> <!-- org.suitelevelprojects.Test1 -->
