<?xml version="1.0" encoding="UTF-8"?>
<!-- Generated by org.testng.reporters.JUnitReportReporter -->
<testsuite skipped="0" hostname="DESKTOP-7769JJ2" name="org.parelelllevelexecution.MethodLevelExecution" tests="3" failures="0" timestamp="03 Nov 2021 04:30:38 GMT" time="27.229" errors="0">
  <testcase name="tc3" time="10.114" classname="org.parelelllevelexecution.MethodLevelExecution"/>
  <testcase name="tc2" time="8.361" classname="org.parelelllevelexecution.MethodLevelExecution"/>
  <testcase name="tc1" time="8.754" classname="org.parelelllevelexecution.MethodLevelExecution"/>
</testsuite> <!-- org.parelelllevelexecution.MethodLevelExecution -->
