<?xml version="1.0" encoding="UTF-8"?>
<!-- Generated by org.testng.reporters.JUnitReportReporter -->
<testsuite skipped="0" hostname="DESKTOP-7769JJ2" name="org.testngtypes.PriorityMethod" tests="3" failures="0" timestamp="02 Nov 2021 13:56:44 GMT" time="0.015" errors="0">
  <testcase name="tc2" time="0.015" classname="org.testngtypes.PriorityMethod"/>
  <testcase name="tc3" time="0.000" classname="org.testngtypes.PriorityMethod"/>
  <testcase name="tc1" time="0.000" classname="org.testngtypes.PriorityMethod"/>
</testsuite> <!-- org.testngtypes.PriorityMethod -->
