<?xml version="1.0" encoding="UTF-8"?>
<!-- Generated by org.testng.reporters.JUnitReportReporter -->
<testsuite skipped="0" hostname="DESKTOP-7769JJ2" name="org.groups.Test1" tests="1" failures="0" timestamp="05 Nov 2021 15:23:58 GMT" time="5.419" errors="0">
  <testcase name="tc1" time="5.419" classname="org.groups.Test1"/>
</testsuite> <!-- org.groups.Test1 -->
