<?xml version="1.0" encoding="UTF-8"?>
<!-- Generated by org.testng.reporters.JUnitReportReporter -->
<testsuite skipped="0" hostname="DESKTOP-7769JJ2" name="org.groups.Test2" tests="1" failures="0" timestamp="05 Nov 2021 15:23:21 GMT" time="16.421" errors="0">
  <testcase name="tc4" time="16.421" classname="org.groups.Test2"/>
</testsuite> <!-- org.groups.Test2 -->
