<?xml version="1.0" encoding="UTF-8"?>
<!-- Generated by org.testng.reporters.JUnitReportReporter -->
<testsuite skipped="0" hostname="DESKTOP-7769JJ2" name="org.testngtypes.ParametersMethod" tests="1" failures="0" timestamp="04 Nov 2021 07:44:55 GMT" time="7.978" errors="0">
  <testcase name="tc1" time="7.978" classname="org.testngtypes.ParametersMethod"/>
</testsuite> <!-- org.testngtypes.ParametersMethod -->
