<?xml version="1.0" encoding="UTF-8"?>
<!-- Generated by org.testng.reporters.JUnitReportReporter -->
<testsuite skipped="0" hostname="DESKTOP-7769JJ2" name="org.suitelevelprojects.Test4" tests="1" failures="0" timestamp="04 Nov 2021 06:42:20 GMT" time="0.000" errors="0">
  <testcase name="tc4" time="0.000" classname="org.suitelevelprojects.Test4"/>
</testsuite> <!-- org.suitelevelprojects.Test4 -->
