<?xml version="1.0" encoding="UTF-8"?>
<!-- Generated by org.testng.reporters.JUnitReportReporter -->
<testsuite skipped="0" hostname="DESKTOP-7769JJ2" name="org.rerun.Test4" tests="1" failures="0" timestamp="05 Nov 2021 12:21:51 GMT" time="0.015" errors="0">
  <testcase name="tc4" time="0.015" classname="org.rerun.Test4"/>
</testsuite> <!-- org.rerun.Test4 -->
